# JRE version: Java(TM) SE Runtime Environment (8.0_40-b12) (build 1.8.0_40-ea-b12)
# Java VM: Java HotSpot(TM) 64-Bit Server VM (25.40-b16 mixed mode bsd-amd64 compressed oops)
Heap:
 PSYoungGen      total 141824K, used 48363K [0x00000007aab00000, 0x00000007b4000000, 0x00000007c0000000)
  eden space 131072K, 30% used [0x00000007aab00000,0x00000007ad2a2ec0,0x00000007b2b00000)
  from space 10752K, 72% used [0x00000007b3580000,0x00000007b3d18000,0x00000007b4000000)
  to   space 10752K, 0% used [0x00000007b2b00000,0x00000007b2b00000,0x00000007b3580000)
 ParOldGen       total 44032K, used 17580K [0x0000000780000000, 0x0000000782b00000, 0x00000007aab00000)
  object space 44032K, 39% used [0x0000000780000000,0x000000078112b318,0x0000000782b00000)
 Metaspace       used 12562K, capacity 13286K, committed 13568K, reserved 1060864K
  class space    used 1339K, capacity 1680K, committed 1792K, reserved 1048576K
GC Heap History (10 events):
Event: 0.919 GC heap before
{Heap before GC invocations=2 (full 0):
 PSYoungGen      total 18944K, used 18928K [0x00000007aab00000, 0x00000007ad000000, 0x00000007c0000000)
  eden space 16384K, 100% used [0x00000007aab00000,0x00000007abb00000,0x00000007abb00000)
  from space 2560K, 99% used [0x00000007abb00000,0x00000007abd7c010,0x00000007abd80000)
  to   space 2560K, 0% used [0x00000007acd80000,0x00000007acd80000,0x00000007ad000000)
 ParOldGen       total 44032K, used 636K [0x0000000780000000, 0x0000000782b00000, 0x00000007aab00000)
  object space 44032K, 1% used [0x0000000780000000,0x000000078009f1c8,0x0000000782b00000)
 Metaspace       used 7614K, capacity 8236K, committed 8576K, reserved 1056768K
  class space    used 806K, capacity 1036K, committed 1152K, reserved 1048576K
Event: 0.930 GC heap after
Heap after GC invocations=2 (full 0):
 PSYoungGen      total 35328K, used 2544K [0x00000007aab00000, 0x00000007ad000000, 0x00000007c0000000)
  eden space 32768K, 0% used [0x00000007aab00000,0x00000007aab00000,0x00000007acb00000)
  from space 2560K, 99% used [0x00000007acd80000,0x00000007acffc010,0x00000007ad000000)
  to   space 2560K, 0% used [0x00000007acb00000,0x00000007acb00000,0x00000007acd80000)
 ParOldGen       total 44032K, used 3437K [0x0000000780000000, 0x0000000782b00000, 0x00000007aab00000)
  object space 44032K, 7% used [0x0000000780000000,0x000000078035b658,0x0000000782b00000)
 Metaspace       used 7614K, capacity 8236K, committed 8576K, reserved 1056768K
  class space    used 806K, capacity 1036K, committed 1152K, reserved 1048576K
}
Event: 22.261 GC heap before
{Heap before GC invocations=3 (full 0):
 PSYoungGen      total 35328K, used 35312K [0x00000007aab00000, 0x00000007ad000000, 0x00000007c0000000)
  eden space 32768K, 100% used [0x00000007aab00000,0x00000007acb00000,0x00000007acb00000)
  from space 2560K, 99% used [0x00000007acd80000,0x00000007acffc010,0x00000007ad000000)
  to   space 2560K, 0% used [0x00000007acb00000,0x00000007acb00000,0x00000007acd80000)
 ParOldGen       total 44032K, used 3437K [0x0000000780000000, 0x0000000782b00000, 0x00000007aab00000)
  object space 44032K, 7% used [0x0000000780000000,0x000000078035b658,0x0000000782b00000)
 Metaspace       used 9192K, capacity 9900K, committed 9984K, reserved 1058816K
  class space    used 962K, capacity 1275K, committed 1280K, reserved 1048576K
Event: 22.281 GC heap after
Heap after GC invocations=3 (full 0):
 PSYoungGen      total 35328K, used 2544K [0x00000007aab00000, 0x00000007af000000, 0x00000007c0000000)
  eden space 32768K, 0% used [0x00000007aab00000,0x00000007aab00000,0x00000007acb00000)
  from space 2560K, 99% used [0x00000007acb00000,0x00000007acd7c010,0x00000007acd80000)
  to   space 2560K, 0% used [0x00000007aed80000,0x00000007aed80000,0x00000007af000000)
 ParOldGen       total 44032K, used 6623K [0x0000000780000000, 0x0000000782b00000, 0x00000007aab00000)
  object space 44032K, 15% used [0x0000000780000000,0x0000000780677db0,0x0000000782b00000)
 Metaspace       used 9192K, capacity 9900K, committed 9984K, reserved 1058816K
  class space    used 962K, capacity 1275K, committed 1280K, reserved 1048576K
}
Event: 23.014 GC heap before
{Heap before GC invocations=4 (full 0):
 PSYoungGen      total 35328K, used 35312K [0x00000007aab00000, 0x00000007af000000, 0x00000007c0000000)
  eden space 32768K, 100% used [0x00000007aab00000,0x00000007acb00000,0x00000007acb00000)
  from space 2560K, 99% used [0x00000007acb00000,0x00000007acd7c010,0x00000007acd80000)
  to   space 2560K, 0% used [0x00000007aed80000,0x00000007aed80000,0x00000007af000000)
 ParOldGen       total 44032K, used 6623K [0x0000000780000000, 0x0000000782b00000, 0x00000007aab00000)
  object space 44032K, 15% used [0x0000000780000000,0x0000000780677db0,0x0000000782b00000)
 Metaspace       used 10833K, capacity 11564K, committed 11776K, reserved 1058816K
  class space    used 1165K, capacity 1467K, committed 1536K, reserved 1048576K
Event: 23.031 GC heap after
Heap after GC invocations=4 (full 0):
 PSYoungGen      total 68096K, used 2560K [0x00000007aab00000, 0x00000007af000000, 0x00000007c0000000)
  eden space 65536K, 0% used [0x00000007aab00000,0x00000007aab00000,0x00000007aeb00000)
  from space 2560K, 100% used [0x00000007aed80000,0x00000007af000000,0x00000007af000000)
  to   space 2560K, 0% used [0x00000007aeb00000,0x00000007aeb00000,0x00000007aed80000)
 ParOldGen       total 44032K, used 9279K [0x0000000780000000, 0x0000000782b00000, 0x00000007aab00000)
  object space 44032K, 21% used [0x0000000780000000,0x000000078090fd50,0x0000000782b00000)
 Metaspace       used 10833K, capacity 11564K, committed 11776K, reserved 1058816K
  class space    used 1165K, capacity 1467K, committed 1536K, reserved 1048576K
}
Event: 30.171 GC heap before
{Heap before GC invocations=5 (full 0):
 PSYoungGen      total 68096K, used 68096K [0x00000007aab00000, 0x00000007af000000, 0x00000007c0000000)
  eden space 65536K, 100% used [0x00000007aab00000,0x00000007aeb00000,0x00000007aeb00000)
  from space 2560K, 100% used [0x00000007aed80000,0x00000007af000000,0x00000007af000000)
  to   space 2560K, 0% used [0x00000007aeb00000,0x00000007aeb00000,0x00000007aed80000)
 ParOldGen       total 44032K, used 9279K [0x0000000780000000, 0x0000000782b00000, 0x00000007aab00000)
  object space 44032K, 21% used [0x0000000780000000,0x000000078090fd50,0x0000000782b00000)
 Metaspace       used 12269K, capacity 12966K, committed 13312K, reserved 1060864K
  class space    used 1328K, capacity 1680K, committed 1792K, reserved 1048576K
Event: 30.212 GC heap after
Heap after GC invocations=5 (full 0):
 PSYoungGen      total 68096K, used 2528K [0x00000007aab00000, 0x00000007b4000000, 0x00000007c0000000)
  eden space 65536K, 0% used [0x00000007aab00000,0x00000007aab00000,0x00000007aeb00000)
  from space 2560K, 98% used [0x00000007aeb00000,0x00000007aed78020,0x00000007aed80000)
  to   space 10752K, 0% used [0x00000007b3580000,0x00000007b3580000,0x00000007b4000000)
 ParOldGen       total 44032K, used 17580K [0x0000000780000000, 0x0000000782b00000, 0x00000007aab00000)
  object space 44032K, 39% used [0x0000000780000000,0x000000078112b318,0x0000000782b00000)
 Metaspace       used 12269K, capacity 12966K, committed 13312K, reserved 1060864K
  class space    used 1328K, capacity 1680K, committed 1792K, reserved 1048576K
}
Event: 30.452 GC heap before
{Heap before GC invocations=6 (full 0):
 PSYoungGen      total 68096K, used 68064K [0x00000007aab00000, 0x00000007b4000000, 0x00000007c0000000)
  eden space 65536K, 100% used [0x00000007aab00000,0x00000007aeb00000,0x00000007aeb00000)
  from space 2560K, 98% used [0x00000007aeb00000,0x00000007aed78020,0x00000007aed80000)
  to   space 10752K, 0% used [0x00000007b3580000,0x00000007b3580000,0x00000007b4000000)
 ParOldGen       total 44032K, used 17580K [0x0000000780000000, 0x0000000782b00000, 0x00000007aab00000)
  object space 44032K, 39% used [0x0000000780000000,0x000000078112b318,0x0000000782b00000)
 Metaspace       used 12348K, capacity 13094K, committed 13312K, reserved 1060864K
  class space    used 1329K, capacity 1680K, committed 1792K, reserved 1048576K
Event: 30.475 GC heap after
Heap after GC invocations=6 (full 0):
 PSYoungGen      total 141824K, used 7776K [0x00000007aab00000, 0x00000007b4000000, 0x00000007c0000000)
  eden space 131072K, 0% used [0x00000007aab00000,0x00000007aab00000,0x00000007b2b00000)
  from space 10752K, 72% used [0x00000007b3580000,0x00000007b3d18000,0x00000007b4000000)
  to   space 10752K, 0% used [0x00000007b2b00000,0x00000007b2b00000,0x00000007b3580000)
 ParOldGen       total 44032K, used 17580K [0x0000000780000000, 0x0000000782b00000, 0x00000007aab00000)
  object space 44032K, 39% used [0x0000000780000000,0x000000078112b318,0x0000000782b00000)
 Metaspace       used 12348K, capacity 13094K, committed 13312K, reserved 1060864K
  class space    used 1329K, capacity 1680K, committed 1792K, reserved 1048576K
}

