# JRE version: Java(TM) SE Runtime Environment (8.0_40-b12) (build 1.8.0_40-ea-b12)
# Java VM: Java HotSpot(TM) 64-Bit Server VM (25.40-b16 mixed mode bsd-amd64 compressed oops)
Heap:
 PSYoungGen      total 92672K, used 50693K [0x00000007aab00000, 0x00000007b1400000, 0x00000007c0000000)
  eden space 91136K, 55% used [0x00000007aab00000,0x00000007adc71728,0x00000007b0400000)
  from space 1536K, 4% used [0x00000007b1280000,0x00000007b1290000,0x00000007b1400000)
  to   space 8192K, 0% used [0x00000007b0400000,0x00000007b0400000,0x00000007b0c00000)
 ParOldGen       total 44032K, used 15957K [0x0000000780000000, 0x0000000782b00000, 0x00000007aab00000)
  object space 44032K, 36% used [0x0000000780000000,0x0000000780f95658,0x0000000782b00000)
 Metaspace       used 12359K, capacity 13066K, committed 13184K, reserved 1060864K
  class space    used 1327K, capacity 1614K, committed 1664K, reserved 1048576K
GC Heap History (10 events):
Event: 56469.689 GC heap before
{Heap before GC invocations=12 (full 0):
 PSYoungGen      total 112640K, used 112192K [0x00000007aab00000, 0x00000007b2a80000, 0x00000007c0000000)
  eden space 112128K, 100% used [0x00000007aab00000,0x00000007b1880000,0x00000007b1880000)
  from space 512K, 12% used [0x00000007b1d00000,0x00000007b1d10000,0x00000007b1d80000)
  to   space 8704K, 0% used [0x00000007b2200000,0x00000007b2200000,0x00000007b2a80000)
 ParOldGen       total 44032K, used 15957K [0x0000000780000000, 0x0000000782b00000, 0x00000007aab00000)
  object space 44032K, 36% used [0x0000000780000000,0x0000000780f95658,0x0000000782b00000)
 Metaspace       used 12337K, capacity 13066K, committed 13184K, reserved 1060864K
  class space    used 1324K, capacity 1614K, committed 1664K, reserved 1048576K
Event: 56469.699 GC heap after
Heap after GC invocations=12 (full 0):
 PSYoungGen      total 110592K, used 96K [0x00000007aab00000, 0x00000007b2500000, 0x00000007c0000000)
  eden space 107520K, 0% used [0x00000007aab00000,0x00000007aab00000,0x00000007b1400000)
  from space 3072K, 3% used [0x00000007b2200000,0x00000007b2218000,0x00000007b2500000)
  to   space 8704K, 0% used [0x00000007b1400000,0x00000007b1400000,0x00000007b1c80000)
 ParOldGen       total 44032K, used 15957K [0x0000000780000000, 0x0000000782b00000, 0x00000007aab00000)
  object space 44032K, 36% used [0x0000000780000000,0x0000000780f95658,0x0000000782b00000)
 Metaspace       used 12337K, capacity 13066K, committed 13184K, reserved 1060864K
  class space    used 1324K, capacity 1614K, committed 1664K, reserved 1048576K
}
Event: 62530.617 GC heap before
{Heap before GC invocations=13 (full 0):
 PSYoungGen      total 110592K, used 107616K [0x00000007aab00000, 0x00000007b2500000, 0x00000007c0000000)
  eden space 107520K, 100% used [0x00000007aab00000,0x00000007b1400000,0x00000007b1400000)
  from space 3072K, 3% used [0x00000007b2200000,0x00000007b2218000,0x00000007b2500000)
  to   space 8704K, 0% used [0x00000007b1400000,0x00000007b1400000,0x00000007b1c80000)
 ParOldGen       total 44032K, used 15957K [0x0000000780000000, 0x0000000782b00000, 0x00000007aab00000)
  object space 44032K, 36% used [0x0000000780000000,0x0000000780f95658,0x0000000782b00000)
 Metaspace       used 12337K, capacity 13066K, committed 13184K, reserved 1060864K
  class space    used 1324K, capacity 1614K, committed 1664K, reserved 1048576K
Event: 62530.618 GC heap after
Heap after GC invocations=13 (full 0):
 PSYoungGen      total 103424K, used 128K [0x00000007aab00000, 0x00000007b2280000, 0x00000007c0000000)
  eden space 102912K, 0% used [0x00000007aab00000,0x00000007aab00000,0x00000007b0f80000)
  from space 512K, 25% used [0x00000007b1400000,0x00000007b1420000,0x00000007b1480000)
  to   space 8704K, 0% used [0x00000007b1a00000,0x00000007b1a00000,0x00000007b2280000)
 ParOldGen       total 44032K, used 15957K [0x0000000780000000, 0x0000000782b00000, 0x00000007aab00000)
  object space 44032K, 36% used [0x0000000780000000,0x0000000780f95658,0x0000000782b00000)
 Metaspace       used 12337K, capacity 13066K, committed 13184K, reserved 1060864K
  class space    used 1324K, capacity 1614K, committed 1664K, reserved 1048576K
}
Event: 68591.447 GC heap before
{Heap before GC invocations=14 (full 0):
 PSYoungGen      total 103424K, used 103040K [0x00000007aab00000, 0x00000007b2280000, 0x00000007c0000000)
  eden space 102912K, 100% used [0x00000007aab00000,0x00000007b0f80000,0x00000007b0f80000)
  from space 512K, 25% used [0x00000007b1400000,0x00000007b1420000,0x00000007b1480000)
  to   space 8704K, 0% used [0x00000007b1a00000,0x00000007b1a00000,0x00000007b2280000)
 ParOldGen       total 44032K, used 15957K [0x0000000780000000, 0x0000000782b00000, 0x00000007aab00000)
  object space 44032K, 36% used [0x0000000780000000,0x0000000780f95658,0x0000000782b00000)
 Metaspace       used 12337K, capacity 13066K, committed 13184K, reserved 1060864K
  class space    used 1324K, capacity 1614K, committed 1664K, reserved 1048576K
Event: 68591.463 GC heap after
Heap after GC invocations=14 (full 0):
 PSYoungGen      total 100352K, used 64K [0x00000007aab00000, 0x00000007b1b80000, 0x00000007c0000000)
  eden space 98816K, 0% used [0x00000007aab00000,0x00000007aab00000,0x00000007b0b80000)
  from space 1536K, 4% used [0x00000007b1a00000,0x00000007b1a10000,0x00000007b1b80000)
  to   space 8192K, 0% used [0x00000007b0b80000,0x00000007b0b80000,0x00000007b1380000)
 ParOldGen       total 44032K, used 15957K [0x0000000780000000, 0x0000000782b00000, 0x00000007aab00000)
  object space 44032K, 36% used [0x0000000780000000,0x0000000780f95658,0x0000000782b00000)
 Metaspace       used 12337K, capacity 13066K, committed 13184K, reserved 1060864K
  class space    used 1324K, capacity 1614K, committed 1664K, reserved 1048576K
}
Event: 74652.352 GC heap before
{Heap before GC invocations=15 (full 0):
 PSYoungGen      total 100352K, used 98880K [0x00000007aab00000, 0x00000007b1b80000, 0x00000007c0000000)
  eden space 98816K, 100% used [0x00000007aab00000,0x00000007b0b80000,0x00000007b0b80000)
  from space 1536K, 4% used [0x00000007b1a00000,0x00000007b1a10000,0x00000007b1b80000)
  to   space 8192K, 0% used [0x00000007b0b80000,0x00000007b0b80000,0x00000007b1380000)
 ParOldGen       total 44032K, used 15957K [0x0000000780000000, 0x0000000782b00000, 0x00000007aab00000)
  object space 44032K, 36% used [0x0000000780000000,0x0000000780f95658,0x0000000782b00000)
 Metaspace       used 12337K, capacity 13066K, committed 13184K, reserved 1060864K
  class space    used 1324K, capacity 1614K, committed 1664K, reserved 1048576K
Event: 74652.353 GC heap after
Heap after GC invocations=15 (full 0):
 PSYoungGen      total 95232K, used 96K [0x00000007aab00000, 0x00000007b1a80000, 0x00000007c0000000)
  eden space 94720K, 0% used [0x00000007aab00000,0x00000007aab00000,0x00000007b0780000)
  from space 512K, 18% used [0x00000007b0b80000,0x00000007b0b98000,0x00000007b0c00000)
  to   space 8192K, 0% used [0x00000007b1280000,0x00000007b1280000,0x00000007b1a80000)
 ParOldGen       total 44032K, used 15957K [0x0000000780000000, 0x0000000782b00000, 0x00000007aab00000)
  object space 44032K, 36% used [0x0000000780000000,0x0000000780f95658,0x0000000782b00000)
 Metaspace       used 12337K, capacity 13066K, committed 13184K, reserved 1060864K
  class space    used 1324K, capacity 1614K, committed 1664K, reserved 1048576K
}
Event: 80713.157 GC heap before
{Heap before GC invocations=16 (full 0):
 PSYoungGen      total 95232K, used 94816K [0x00000007aab00000, 0x00000007b1a80000, 0x00000007c0000000)
  eden space 94720K, 100% used [0x00000007aab00000,0x00000007b0780000,0x00000007b0780000)
  from space 512K, 18% used [0x00000007b0b80000,0x00000007b0b98000,0x00000007b0c00000)
  to   space 8192K, 0% used [0x00000007b1280000,0x00000007b1280000,0x00000007b1a80000)
 ParOldGen       total 44032K, used 15957K [0x0000000780000000, 0x0000000782b00000, 0x00000007aab00000)
  object space 44032K, 36% used [0x0000000780000000,0x0000000780f95658,0x0000000782b00000)
 Metaspace       used 12337K, capacity 13066K, committed 13184K, reserved 1060864K
  class space    used 1324K, capacity 1614K, committed 1664K, reserved 1048576K
Event: 80713.158 GC heap after
Heap after GC invocations=16 (full 0):
 PSYoungGen      total 92672K, used 64K [0x00000007aab00000, 0x00000007b1400000, 0x00000007c0000000)
  eden space 91136K, 0% used [0x00000007aab00000,0x00000007aab00000,0x00000007b0400000)
  from space 1536K, 4% used [0x00000007b1280000,0x00000007b1290000,0x00000007b1400000)
  to   space 8192K, 0% used [0x00000007b0400000,0x00000007b0400000,0x00000007b0c00000)
 ParOldGen       total 44032K, used 15957K [0x0000000780000000, 0x0000000782b00000, 0x00000007aab00000)
  object space 44032K, 36% used [0x0000000780000000,0x0000000780f95658,0x0000000782b00000)
 Metaspace       used 12337K, capacity 13066K, committed 13184K, reserved 1060864K
  class space    used 1324K, capacity 1614K, committed 1664K, reserved 1048576K
}

